[0.087s] DEBUG:colcon:Command line arguments: ['/usr/bin/colcon', 'list', '-p', '--base-paths', '/home/huypimax/robot_fablab_ws', '--log-base', '/dev/null']
[0.087s] DEBUG:colcon:Parsed command line arguments: Namespace(log_base=None, log_level=None, verb_name='list', build_base='build', ignore_user_meta=False, metas=['./colcon.meta'], base_paths=['/home/huypimax/robot_fablab_ws', '--log-base', '/dev/null'], packages_ignore=None, packages_ignore_regex=None, paths=None, packages_up_to=None, packages_up_to_regex=None, packages_above=None, packages_above_and_dependencies=None, packages_above_depth=None, packages_select_by_dep=None, packages_skip_by_dep=None, packages_skip_up_to=None, packages_select_build_failed=False, packages_skip_build_finished=False, packages_select_test_failures=False, packages_skip_test_passed=False, packages_select=None, packages_skip=None, packages_select_regex=None, packages_skip_regex=None, packages_start=None, packages_end=None, allow_overriding=[], topological_order=False, names_only=False, paths_only=True, topological_graph=False, topological_graph_dot=False, topological_graph_density=False, topological_graph_legend=False, topological_graph_dot_cluster=False, topological_graph_dot_include_skipped=False, verb_parser=<colcon_defaults.argument_parser.defaults.DefaultArgumentsDecorator object at 0x745ca7a71090>, verb_extension=<colcon_package_information.verb.list.ListVerb object at 0x745ca7a70370>, main=<bound method ListVerb.main of <colcon_package_information.verb.list.ListVerb object at 0x745ca7a70370>>)
[0.187s] Level 1:colcon.colcon_core.package_discovery:discover_packages(colcon_meta) check parameters
[0.187s] Level 1:colcon.colcon_core.package_discovery:discover_packages(recursive) check parameters
[0.187s] Level 1:colcon.colcon_core.package_discovery:discover_packages(ignore) check parameters
[0.187s] Level 1:colcon.colcon_core.package_discovery:discover_packages(path) check parameters
[0.187s] Level 1:colcon.colcon_core.package_discovery:discover_packages(recursive) discover
[0.187s] INFO:colcon.colcon_core.package_discovery:Crawling recursively for packages in '/home/huypimax/robot_fablab_ws', '/home/huypimax/robot_fablab_ws/--log-base', '/dev/null'
[0.187s] Level 1:colcon.colcon_core.package_identification:_identify(/home/huypimax/robot_fablab_ws) by extensions ['ignore', 'ignore_ament_install']
[0.187s] Level 1:colcon.colcon_core.package_identification:_identify(/home/huypimax/robot_fablab_ws) by extension 'ignore'
[0.187s] Level 1:colcon.colcon_core.package_identification:_identify(/home/huypimax/robot_fablab_ws) by extension 'ignore_ament_install'
[0.187s] Level 1:colcon.colcon_core.package_identification:_identify(/home/huypimax/robot_fablab_ws) by extensions ['colcon_pkg']
[0.187s] Level 1:colcon.colcon_core.package_identification:_identify(/home/huypimax/robot_fablab_ws) by extension 'colcon_pkg'
[0.187s] Level 1:colcon.colcon_core.package_identification:_identify(/home/huypimax/robot_fablab_ws) by extensions ['colcon_meta']
[0.187s] Level 1:colcon.colcon_core.package_identification:_identify(/home/huypimax/robot_fablab_ws) by extension 'colcon_meta'
[0.187s] Level 1:colcon.colcon_core.package_identification:_identify(/home/huypimax/robot_fablab_ws) by extensions ['ros']
[0.187s] Level 1:colcon.colcon_core.package_identification:_identify(/home/huypimax/robot_fablab_ws) by extension 'ros'
[0.196s] Level 1:colcon.colcon_core.package_identification:_identify(/home/huypimax/robot_fablab_ws) by extensions ['cmake', 'python']
[0.196s] Level 1:colcon.colcon_core.package_identification:_identify(/home/huypimax/robot_fablab_ws) by extension 'cmake'
[0.196s] Level 1:colcon.colcon_core.package_identification:_identify(/home/huypimax/robot_fablab_ws) by extension 'python'
[0.196s] Level 1:colcon.colcon_core.package_identification:_identify(/home/huypimax/robot_fablab_ws) by extensions ['python_setup_py']
[0.196s] Level 1:colcon.colcon_core.package_identification:_identify(/home/huypimax/robot_fablab_ws) by extension 'python_setup_py'
[0.196s] Level 1:colcon.colcon_core.package_identification:_identify(/home/huypimax/robot_fablab_ws/log) by extensions ['ignore', 'ignore_ament_install']
[0.196s] Level 1:colcon.colcon_core.package_identification:_identify(/home/huypimax/robot_fablab_ws/log) by extension 'ignore'
[0.196s] Level 1:colcon.colcon_core.package_identification:_identify(/home/huypimax/robot_fablab_ws/log) ignored
[0.196s] Level 1:colcon.colcon_core.package_identification:_identify(/home/huypimax/robot_fablab_ws/src) by extensions ['ignore', 'ignore_ament_install']
[0.196s] Level 1:colcon.colcon_core.package_identification:_identify(/home/huypimax/robot_fablab_ws/src) by extension 'ignore'
[0.196s] Level 1:colcon.colcon_core.package_identification:_identify(/home/huypimax/robot_fablab_ws/src) by extension 'ignore_ament_install'
[0.196s] Level 1:colcon.colcon_core.package_identification:_identify(/home/huypimax/robot_fablab_ws/src) by extensions ['colcon_pkg']
[0.196s] Level 1:colcon.colcon_core.package_identification:_identify(/home/huypimax/robot_fablab_ws/src) by extension 'colcon_pkg'
[0.196s] Level 1:colcon.colcon_core.package_identification:_identify(/home/huypimax/robot_fablab_ws/src) by extensions ['colcon_meta']
[0.196s] Level 1:colcon.colcon_core.package_identification:_identify(/home/huypimax/robot_fablab_ws/src) by extension 'colcon_meta'
[0.196s] Level 1:colcon.colcon_core.package_identification:_identify(/home/huypimax/robot_fablab_ws/src) by extensions ['ros']
[0.196s] Level 1:colcon.colcon_core.package_identification:_identify(/home/huypimax/robot_fablab_ws/src) by extension 'ros'
[0.196s] Level 1:colcon.colcon_core.package_identification:_identify(/home/huypimax/robot_fablab_ws/src) by extensions ['cmake', 'python']
[0.196s] Level 1:colcon.colcon_core.package_identification:_identify(/home/huypimax/robot_fablab_ws/src) by extension 'cmake'
[0.196s] Level 1:colcon.colcon_core.package_identification:_identify(/home/huypimax/robot_fablab_ws/src) by extension 'python'
[0.196s] Level 1:colcon.colcon_core.package_identification:_identify(/home/huypimax/robot_fablab_ws/src) by extensions ['python_setup_py']
[0.196s] Level 1:colcon.colcon_core.package_identification:_identify(/home/huypimax/robot_fablab_ws/src) by extension 'python_setup_py'
[0.197s] Level 1:colcon.colcon_core.package_identification:_identify(/home/huypimax/robot_fablab_ws/src/MQTT) by extensions ['ignore', 'ignore_ament_install']
[0.197s] Level 1:colcon.colcon_core.package_identification:_identify(/home/huypimax/robot_fablab_ws/src/MQTT) by extension 'ignore'
[0.197s] Level 1:colcon.colcon_core.package_identification:_identify(/home/huypimax/robot_fablab_ws/src/MQTT) by extension 'ignore_ament_install'
[0.197s] Level 1:colcon.colcon_core.package_identification:_identify(/home/huypimax/robot_fablab_ws/src/MQTT) by extensions ['colcon_pkg']
[0.197s] Level 1:colcon.colcon_core.package_identification:_identify(/home/huypimax/robot_fablab_ws/src/MQTT) by extension 'colcon_pkg'
[0.197s] Level 1:colcon.colcon_core.package_identification:_identify(/home/huypimax/robot_fablab_ws/src/MQTT) by extensions ['colcon_meta']
[0.197s] Level 1:colcon.colcon_core.package_identification:_identify(/home/huypimax/robot_fablab_ws/src/MQTT) by extension 'colcon_meta'
[0.197s] Level 1:colcon.colcon_core.package_identification:_identify(/home/huypimax/robot_fablab_ws/src/MQTT) by extensions ['ros']
[0.197s] Level 1:colcon.colcon_core.package_identification:_identify(/home/huypimax/robot_fablab_ws/src/MQTT) by extension 'ros'
[0.197s] Level 1:colcon.colcon_core.package_identification:_identify(/home/huypimax/robot_fablab_ws/src/MQTT) by extensions ['cmake', 'python']
[0.197s] Level 1:colcon.colcon_core.package_identification:_identify(/home/huypimax/robot_fablab_ws/src/MQTT) by extension 'cmake'
[0.197s] Level 1:colcon.colcon_core.package_identification:_identify(/home/huypimax/robot_fablab_ws/src/MQTT) by extension 'python'
[0.197s] Level 1:colcon.colcon_core.package_identification:_identify(/home/huypimax/robot_fablab_ws/src/MQTT) by extensions ['python_setup_py']
[0.197s] Level 1:colcon.colcon_core.package_identification:_identify(/home/huypimax/robot_fablab_ws/src/MQTT) by extension 'python_setup_py'
[0.197s] Level 1:colcon.colcon_core.package_identification:_identify(/home/huypimax/robot_fablab_ws/src/camera) by extensions ['ignore', 'ignore_ament_install']
[0.197s] Level 1:colcon.colcon_core.package_identification:_identify(/home/huypimax/robot_fablab_ws/src/camera) by extension 'ignore'
[0.197s] Level 1:colcon.colcon_core.package_identification:_identify(/home/huypimax/robot_fablab_ws/src/camera) by extension 'ignore_ament_install'
[0.197s] Level 1:colcon.colcon_core.package_identification:_identify(/home/huypimax/robot_fablab_ws/src/camera) by extensions ['colcon_pkg']
[0.197s] Level 1:colcon.colcon_core.package_identification:_identify(/home/huypimax/robot_fablab_ws/src/camera) by extension 'colcon_pkg'
[0.197s] Level 1:colcon.colcon_core.package_identification:_identify(/home/huypimax/robot_fablab_ws/src/camera) by extensions ['colcon_meta']
[0.197s] Level 1:colcon.colcon_core.package_identification:_identify(/home/huypimax/robot_fablab_ws/src/camera) by extension 'colcon_meta'
[0.197s] Level 1:colcon.colcon_core.package_identification:_identify(/home/huypimax/robot_fablab_ws/src/camera) by extensions ['ros']
[0.197s] Level 1:colcon.colcon_core.package_identification:_identify(/home/huypimax/robot_fablab_ws/src/camera) by extension 'ros'
[0.199s] DEBUG:colcon.colcon_core.package_identification:Package '/home/huypimax/robot_fablab_ws/src/camera' with type 'ros.catkin' and name 'camera'
[0.200s] Level 1:colcon.colcon_core.package_identification:_identify(/home/huypimax/robot_fablab_ws/src/cartographer_ros) by extensions ['ignore', 'ignore_ament_install']
[0.200s] Level 1:colcon.colcon_core.package_identification:_identify(/home/huypimax/robot_fablab_ws/src/cartographer_ros) by extension 'ignore'
[0.200s] Level 1:colcon.colcon_core.package_identification:_identify(/home/huypimax/robot_fablab_ws/src/cartographer_ros) by extension 'ignore_ament_install'
[0.200s] Level 1:colcon.colcon_core.package_identification:_identify(/home/huypimax/robot_fablab_ws/src/cartographer_ros) by extensions ['colcon_pkg']
[0.200s] Level 1:colcon.colcon_core.package_identification:_identify(/home/huypimax/robot_fablab_ws/src/cartographer_ros) by extension 'colcon_pkg'
[0.200s] Level 1:colcon.colcon_core.package_identification:_identify(/home/huypimax/robot_fablab_ws/src/cartographer_ros) by extensions ['colcon_meta']
[0.200s] Level 1:colcon.colcon_core.package_identification:_identify(/home/huypimax/robot_fablab_ws/src/cartographer_ros) by extension 'colcon_meta'
[0.200s] Level 1:colcon.colcon_core.package_identification:_identify(/home/huypimax/robot_fablab_ws/src/cartographer_ros) by extensions ['ros']
[0.200s] Level 1:colcon.colcon_core.package_identification:_identify(/home/huypimax/robot_fablab_ws/src/cartographer_ros) by extension 'ros'
[0.200s] Level 1:colcon.colcon_core.package_identification:_identify(/home/huypimax/robot_fablab_ws/src/cartographer_ros) by extensions ['cmake', 'python']
[0.200s] Level 1:colcon.colcon_core.package_identification:_identify(/home/huypimax/robot_fablab_ws/src/cartographer_ros) by extension 'cmake'
[0.200s] Level 1:colcon.colcon_core.package_identification:_identify(/home/huypimax/robot_fablab_ws/src/cartographer_ros) by extension 'python'
[0.200s] Level 1:colcon.colcon_core.package_identification:_identify(/home/huypimax/robot_fablab_ws/src/cartographer_ros) by extensions ['python_setup_py']
[0.200s] Level 1:colcon.colcon_core.package_identification:_identify(/home/huypimax/robot_fablab_ws/src/cartographer_ros) by extension 'python_setup_py'
[0.200s] Level 1:colcon.colcon_core.package_identification:_identify(/home/huypimax/robot_fablab_ws/src/cartographer_ros/configuration_files) by extensions ['ignore', 'ignore_ament_install']
[0.200s] Level 1:colcon.colcon_core.package_identification:_identify(/home/huypimax/robot_fablab_ws/src/cartographer_ros/configuration_files) by extension 'ignore'
[0.200s] Level 1:colcon.colcon_core.package_identification:_identify(/home/huypimax/robot_fablab_ws/src/cartographer_ros/configuration_files) by extension 'ignore_ament_install'
[0.200s] Level 1:colcon.colcon_core.package_identification:_identify(/home/huypimax/robot_fablab_ws/src/cartographer_ros/configuration_files) by extensions ['colcon_pkg']
[0.200s] Level 1:colcon.colcon_core.package_identification:_identify(/home/huypimax/robot_fablab_ws/src/cartographer_ros/configuration_files) by extension 'colcon_pkg'
[0.200s] Level 1:colcon.colcon_core.package_identification:_identify(/home/huypimax/robot_fablab_ws/src/cartographer_ros/configuration_files) by extensions ['colcon_meta']
[0.200s] Level 1:colcon.colcon_core.package_identification:_identify(/home/huypimax/robot_fablab_ws/src/cartographer_ros/configuration_files) by extension 'colcon_meta'
[0.200s] Level 1:colcon.colcon_core.package_identification:_identify(/home/huypimax/robot_fablab_ws/src/cartographer_ros/configuration_files) by extensions ['ros']
[0.200s] Level 1:colcon.colcon_core.package_identification:_identify(/home/huypimax/robot_fablab_ws/src/cartographer_ros/configuration_files) by extension 'ros'
[0.200s] Level 1:colcon.colcon_core.package_identification:_identify(/home/huypimax/robot_fablab_ws/src/cartographer_ros/configuration_files) by extensions ['cmake', 'python']
[0.200s] Level 1:colcon.colcon_core.package_identification:_identify(/home/huypimax/robot_fablab_ws/src/cartographer_ros/configuration_files) by extension 'cmake'
[0.200s] Level 1:colcon.colcon_core.package_identification:_identify(/home/huypimax/robot_fablab_ws/src/cartographer_ros/configuration_files) by extension 'python'
[0.200s] Level 1:colcon.colcon_core.package_identification:_identify(/home/huypimax/robot_fablab_ws/src/cartographer_ros/configuration_files) by extensions ['python_setup_py']
[0.200s] Level 1:colcon.colcon_core.package_identification:_identify(/home/huypimax/robot_fablab_ws/src/cartographer_ros/configuration_files) by extension 'python_setup_py'
[0.200s] Level 1:colcon.colcon_core.package_identification:_identify(/home/huypimax/robot_fablab_ws/src/cartographer_ros/launch) by extensions ['ignore', 'ignore_ament_install']
[0.201s] Level 1:colcon.colcon_core.package_identification:_identify(/home/huypimax/robot_fablab_ws/src/cartographer_ros/launch) by extension 'ignore'
[0.201s] Level 1:colcon.colcon_core.package_identification:_identify(/home/huypimax/robot_fablab_ws/src/cartographer_ros/launch) by extension 'ignore_ament_install'
[0.201s] Level 1:colcon.colcon_core.package_identification:_identify(/home/huypimax/robot_fablab_ws/src/cartographer_ros/launch) by extensions ['colcon_pkg']
[0.201s] Level 1:colcon.colcon_core.package_identification:_identify(/home/huypimax/robot_fablab_ws/src/cartographer_ros/launch) by extension 'colcon_pkg'
[0.201s] Level 1:colcon.colcon_core.package_identification:_identify(/home/huypimax/robot_fablab_ws/src/cartographer_ros/launch) by extensions ['colcon_meta']
[0.201s] Level 1:colcon.colcon_core.package_identification:_identify(/home/huypimax/robot_fablab_ws/src/cartographer_ros/launch) by extension 'colcon_meta'
[0.201s] Level 1:colcon.colcon_core.package_identification:_identify(/home/huypimax/robot_fablab_ws/src/cartographer_ros/launch) by extensions ['ros']
[0.201s] Level 1:colcon.colcon_core.package_identification:_identify(/home/huypimax/robot_fablab_ws/src/cartographer_ros/launch) by extension 'ros'
[0.201s] Level 1:colcon.colcon_core.package_identification:_identify(/home/huypimax/robot_fablab_ws/src/cartographer_ros/launch) by extensions ['cmake', 'python']
[0.201s] Level 1:colcon.colcon_core.package_identification:_identify(/home/huypimax/robot_fablab_ws/src/cartographer_ros/launch) by extension 'cmake'
[0.201s] Level 1:colcon.colcon_core.package_identification:_identify(/home/huypimax/robot_fablab_ws/src/cartographer_ros/launch) by extension 'python'
[0.201s] Level 1:colcon.colcon_core.package_identification:_identify(/home/huypimax/robot_fablab_ws/src/cartographer_ros/launch) by extensions ['python_setup_py']
[0.201s] Level 1:colcon.colcon_core.package_identification:_identify(/home/huypimax/robot_fablab_ws/src/cartographer_ros/launch) by extension 'python_setup_py'
[0.201s] Level 1:colcon.colcon_core.package_identification:_identify(/home/huypimax/robot_fablab_ws/src/cartographer_ros/urdf) by extensions ['ignore', 'ignore_ament_install']
[0.201s] Level 1:colcon.colcon_core.package_identification:_identify(/home/huypimax/robot_fablab_ws/src/cartographer_ros/urdf) by extension 'ignore'
[0.201s] Level 1:colcon.colcon_core.package_identification:_identify(/home/huypimax/robot_fablab_ws/src/cartographer_ros/urdf) by extension 'ignore_ament_install'
[0.201s] Level 1:colcon.colcon_core.package_identification:_identify(/home/huypimax/robot_fablab_ws/src/cartographer_ros/urdf) by extensions ['colcon_pkg']
[0.201s] Level 1:colcon.colcon_core.package_identification:_identify(/home/huypimax/robot_fablab_ws/src/cartographer_ros/urdf) by extension 'colcon_pkg'
[0.201s] Level 1:colcon.colcon_core.package_identification:_identify(/home/huypimax/robot_fablab_ws/src/cartographer_ros/urdf) by extensions ['colcon_meta']
[0.201s] Level 1:colcon.colcon_core.package_identification:_identify(/home/huypimax/robot_fablab_ws/src/cartographer_ros/urdf) by extension 'colcon_meta'
[0.201s] Level 1:colcon.colcon_core.package_identification:_identify(/home/huypimax/robot_fablab_ws/src/cartographer_ros/urdf) by extensions ['ros']
[0.201s] Level 1:colcon.colcon_core.package_identification:_identify(/home/huypimax/robot_fablab_ws/src/cartographer_ros/urdf) by extension 'ros'
[0.201s] Level 1:colcon.colcon_core.package_identification:_identify(/home/huypimax/robot_fablab_ws/src/cartographer_ros/urdf) by extensions ['cmake', 'python']
[0.201s] Level 1:colcon.colcon_core.package_identification:_identify(/home/huypimax/robot_fablab_ws/src/cartographer_ros/urdf) by extension 'cmake'
[0.201s] Level 1:colcon.colcon_core.package_identification:_identify(/home/huypimax/robot_fablab_ws/src/cartographer_ros/urdf) by extension 'python'
[0.201s] Level 1:colcon.colcon_core.package_identification:_identify(/home/huypimax/robot_fablab_ws/src/cartographer_ros/urdf) by extensions ['python_setup_py']
[0.201s] Level 1:colcon.colcon_core.package_identification:_identify(/home/huypimax/robot_fablab_ws/src/cartographer_ros/urdf) by extension 'python_setup_py'
[0.201s] Level 1:colcon.colcon_core.package_identification:_identify(/home/huypimax/robot_fablab_ws/src/cmd_vel) by extensions ['ignore', 'ignore_ament_install']
[0.201s] Level 1:colcon.colcon_core.package_identification:_identify(/home/huypimax/robot_fablab_ws/src/cmd_vel) by extension 'ignore'
[0.201s] Level 1:colcon.colcon_core.package_identification:_identify(/home/huypimax/robot_fablab_ws/src/cmd_vel) by extension 'ignore_ament_install'
[0.201s] Level 1:colcon.colcon_core.package_identification:_identify(/home/huypimax/robot_fablab_ws/src/cmd_vel) by extensions ['colcon_pkg']
[0.201s] Level 1:colcon.colcon_core.package_identification:_identify(/home/huypimax/robot_fablab_ws/src/cmd_vel) by extension 'colcon_pkg'
[0.201s] Level 1:colcon.colcon_core.package_identification:_identify(/home/huypimax/robot_fablab_ws/src/cmd_vel) by extensions ['colcon_meta']
[0.201s] Level 1:colcon.colcon_core.package_identification:_identify(/home/huypimax/robot_fablab_ws/src/cmd_vel) by extension 'colcon_meta'
[0.201s] Level 1:colcon.colcon_core.package_identification:_identify(/home/huypimax/robot_fablab_ws/src/cmd_vel) by extensions ['ros']
[0.201s] Level 1:colcon.colcon_core.package_identification:_identify(/home/huypimax/robot_fablab_ws/src/cmd_vel) by extension 'ros'
[0.202s] DEBUG:colcon.colcon_core.package_identification:Package '/home/huypimax/robot_fablab_ws/src/cmd_vel' with type 'ros.catkin' and name 'cmd_vel'
[0.203s] Level 1:colcon.colcon_core.package_identification:_identify(/home/huypimax/robot_fablab_ws/src/guidance_node) by extensions ['ignore', 'ignore_ament_install']
[0.203s] Level 1:colcon.colcon_core.package_identification:_identify(/home/huypimax/robot_fablab_ws/src/guidance_node) by extension 'ignore'
[0.203s] Level 1:colcon.colcon_core.package_identification:_identify(/home/huypimax/robot_fablab_ws/src/guidance_node) by extension 'ignore_ament_install'
[0.203s] Level 1:colcon.colcon_core.package_identification:_identify(/home/huypimax/robot_fablab_ws/src/guidance_node) by extensions ['colcon_pkg']
[0.203s] Level 1:colcon.colcon_core.package_identification:_identify(/home/huypimax/robot_fablab_ws/src/guidance_node) by extension 'colcon_pkg'
[0.203s] Level 1:colcon.colcon_core.package_identification:_identify(/home/huypimax/robot_fablab_ws/src/guidance_node) by extensions ['colcon_meta']
[0.203s] Level 1:colcon.colcon_core.package_identification:_identify(/home/huypimax/robot_fablab_ws/src/guidance_node) by extension 'colcon_meta'
[0.203s] Level 1:colcon.colcon_core.package_identification:_identify(/home/huypimax/robot_fablab_ws/src/guidance_node) by extensions ['ros']
[0.203s] Level 1:colcon.colcon_core.package_identification:_identify(/home/huypimax/robot_fablab_ws/src/guidance_node) by extension 'ros'
[0.203s] DEBUG:colcon.colcon_core.package_identification:Package '/home/huypimax/robot_fablab_ws/src/guidance_node' with type 'ros.catkin' and name 'guidance_node'
[0.203s] Level 1:colcon.colcon_core.package_identification:_identify(/home/huypimax/robot_fablab_ws/src/launch_manager) by extensions ['ignore', 'ignore_ament_install']
[0.203s] Level 1:colcon.colcon_core.package_identification:_identify(/home/huypimax/robot_fablab_ws/src/launch_manager) by extension 'ignore'
[0.203s] Level 1:colcon.colcon_core.package_identification:_identify(/home/huypimax/robot_fablab_ws/src/launch_manager) by extension 'ignore_ament_install'
[0.203s] Level 1:colcon.colcon_core.package_identification:_identify(/home/huypimax/robot_fablab_ws/src/launch_manager) by extensions ['colcon_pkg']
[0.203s] Level 1:colcon.colcon_core.package_identification:_identify(/home/huypimax/robot_fablab_ws/src/launch_manager) by extension 'colcon_pkg'
[0.204s] Level 1:colcon.colcon_core.package_identification:_identify(/home/huypimax/robot_fablab_ws/src/launch_manager) by extensions ['colcon_meta']
[0.204s] Level 1:colcon.colcon_core.package_identification:_identify(/home/huypimax/robot_fablab_ws/src/launch_manager) by extension 'colcon_meta'
[0.204s] Level 1:colcon.colcon_core.package_identification:_identify(/home/huypimax/robot_fablab_ws/src/launch_manager) by extensions ['ros']
[0.204s] Level 1:colcon.colcon_core.package_identification:_identify(/home/huypimax/robot_fablab_ws/src/launch_manager) by extension 'ros'
[0.204s] DEBUG:colcon.colcon_core.package_identification:Package '/home/huypimax/robot_fablab_ws/src/launch_manager' with type 'ros.catkin' and name 'launch_manager'
[0.204s] Level 1:colcon.colcon_core.package_identification:_identify(/home/huypimax/robot_fablab_ws/src/robot_fablab) by extensions ['ignore', 'ignore_ament_install']
[0.204s] Level 1:colcon.colcon_core.package_identification:_identify(/home/huypimax/robot_fablab_ws/src/robot_fablab) by extension 'ignore'
[0.204s] Level 1:colcon.colcon_core.package_identification:_identify(/home/huypimax/robot_fablab_ws/src/robot_fablab) by extension 'ignore_ament_install'
[0.204s] Level 1:colcon.colcon_core.package_identification:_identify(/home/huypimax/robot_fablab_ws/src/robot_fablab) by extensions ['colcon_pkg']
[0.204s] Level 1:colcon.colcon_core.package_identification:_identify(/home/huypimax/robot_fablab_ws/src/robot_fablab) by extension 'colcon_pkg'
[0.204s] Level 1:colcon.colcon_core.package_identification:_identify(/home/huypimax/robot_fablab_ws/src/robot_fablab) by extensions ['colcon_meta']
[0.204s] Level 1:colcon.colcon_core.package_identification:_identify(/home/huypimax/robot_fablab_ws/src/robot_fablab) by extension 'colcon_meta'
[0.204s] Level 1:colcon.colcon_core.package_identification:_identify(/home/huypimax/robot_fablab_ws/src/robot_fablab) by extensions ['ros']
[0.204s] Level 1:colcon.colcon_core.package_identification:_identify(/home/huypimax/robot_fablab_ws/src/robot_fablab) by extension 'ros'
[0.205s] DEBUG:colcon.colcon_core.package_identification:Package '/home/huypimax/robot_fablab_ws/src/robot_fablab' with type 'ros.catkin' and name 'robot_fablab'
[0.205s] Level 1:colcon.colcon_core.package_identification:_identify(/home/huypimax/robot_fablab_ws/src/rplidar_ros) by extensions ['ignore', 'ignore_ament_install']
[0.205s] Level 1:colcon.colcon_core.package_identification:_identify(/home/huypimax/robot_fablab_ws/src/rplidar_ros) by extension 'ignore'
[0.205s] Level 1:colcon.colcon_core.package_identification:_identify(/home/huypimax/robot_fablab_ws/src/rplidar_ros) by extension 'ignore_ament_install'
[0.205s] Level 1:colcon.colcon_core.package_identification:_identify(/home/huypimax/robot_fablab_ws/src/rplidar_ros) by extensions ['colcon_pkg']
[0.205s] Level 1:colcon.colcon_core.package_identification:_identify(/home/huypimax/robot_fablab_ws/src/rplidar_ros) by extension 'colcon_pkg'
[0.205s] Level 1:colcon.colcon_core.package_identification:_identify(/home/huypimax/robot_fablab_ws/src/rplidar_ros) by extensions ['colcon_meta']
[0.205s] Level 1:colcon.colcon_core.package_identification:_identify(/home/huypimax/robot_fablab_ws/src/rplidar_ros) by extension 'colcon_meta'
[0.205s] Level 1:colcon.colcon_core.package_identification:_identify(/home/huypimax/robot_fablab_ws/src/rplidar_ros) by extensions ['ros']
[0.205s] Level 1:colcon.colcon_core.package_identification:_identify(/home/huypimax/robot_fablab_ws/src/rplidar_ros) by extension 'ros'
[0.205s] Level 1:colcon.colcon_core.package_identification:_identify(/home/huypimax/robot_fablab_ws/src/rplidar_ros) by extensions ['cmake', 'python']
[0.205s] Level 1:colcon.colcon_core.package_identification:_identify(/home/huypimax/robot_fablab_ws/src/rplidar_ros) by extension 'cmake'
[0.205s] Level 1:colcon.colcon_core.package_identification:_identify(/home/huypimax/robot_fablab_ws/src/rplidar_ros) by extension 'python'
[0.205s] Level 1:colcon.colcon_core.package_identification:_identify(/home/huypimax/robot_fablab_ws/src/rplidar_ros) by extensions ['python_setup_py']
[0.205s] Level 1:colcon.colcon_core.package_identification:_identify(/home/huypimax/robot_fablab_ws/src/rplidar_ros) by extension 'python_setup_py'
[0.205s] Level 1:colcon.colcon_core.package_identification:_identify(/home/huypimax/robot_fablab_ws/src/slam) by extensions ['ignore', 'ignore_ament_install']
[0.205s] Level 1:colcon.colcon_core.package_identification:_identify(/home/huypimax/robot_fablab_ws/src/slam) by extension 'ignore'
[0.205s] Level 1:colcon.colcon_core.package_identification:_identify(/home/huypimax/robot_fablab_ws/src/slam) by extension 'ignore_ament_install'
[0.205s] Level 1:colcon.colcon_core.package_identification:_identify(/home/huypimax/robot_fablab_ws/src/slam) by extensions ['colcon_pkg']
[0.205s] Level 1:colcon.colcon_core.package_identification:_identify(/home/huypimax/robot_fablab_ws/src/slam) by extension 'colcon_pkg'
[0.205s] Level 1:colcon.colcon_core.package_identification:_identify(/home/huypimax/robot_fablab_ws/src/slam) by extensions ['colcon_meta']
[0.205s] Level 1:colcon.colcon_core.package_identification:_identify(/home/huypimax/robot_fablab_ws/src/slam) by extension 'colcon_meta'
[0.205s] Level 1:colcon.colcon_core.package_identification:_identify(/home/huypimax/robot_fablab_ws/src/slam) by extensions ['ros']
[0.205s] Level 1:colcon.colcon_core.package_identification:_identify(/home/huypimax/robot_fablab_ws/src/slam) by extension 'ros'
[0.206s] DEBUG:colcon.colcon_core.package_identification:Package '/home/huypimax/robot_fablab_ws/src/slam' with type 'ros.catkin' and name 'slam'
[0.206s] Level 1:colcon.colcon_core.package_identification:_identify(/home/huypimax/robot_fablab_ws/src/utils) by extensions ['ignore', 'ignore_ament_install']
[0.206s] Level 1:colcon.colcon_core.package_identification:_identify(/home/huypimax/robot_fablab_ws/src/utils) by extension 'ignore'
[0.206s] Level 1:colcon.colcon_core.package_identification:_identify(/home/huypimax/robot_fablab_ws/src/utils) by extension 'ignore_ament_install'
[0.206s] Level 1:colcon.colcon_core.package_identification:_identify(/home/huypimax/robot_fablab_ws/src/utils) by extensions ['colcon_pkg']
[0.206s] Level 1:colcon.colcon_core.package_identification:_identify(/home/huypimax/robot_fablab_ws/src/utils) by extension 'colcon_pkg'
[0.206s] Level 1:colcon.colcon_core.package_identification:_identify(/home/huypimax/robot_fablab_ws/src/utils) by extensions ['colcon_meta']
[0.206s] Level 1:colcon.colcon_core.package_identification:_identify(/home/huypimax/robot_fablab_ws/src/utils) by extension 'colcon_meta'
[0.206s] Level 1:colcon.colcon_core.package_identification:_identify(/home/huypimax/robot_fablab_ws/src/utils) by extensions ['ros']
[0.206s] Level 1:colcon.colcon_core.package_identification:_identify(/home/huypimax/robot_fablab_ws/src/utils) by extension 'ros'
[0.206s] DEBUG:colcon.colcon_core.package_identification:Package '/home/huypimax/robot_fablab_ws/src/utils' with type 'ros.catkin' and name 'utils'
[0.207s] Level 1:colcon.colcon_core.package_discovery:discover_packages(recursive) using defaults
